/*C19*/SET SCHEMA PUBLIC
SET DATABASE TRANSACTION CONTROL MVCC
/*C20*/SET SCHEMA PUBLIC
SET DATABASE TRANSACTION CONTROL MVCC
/*C21*/SET SCHEMA PUBLIC
SET DATABASE TRANSACTION CONTROL MVCC
/*C22*/SET SCHEMA PUBLIC
SET DATABASE TRANSACTION CONTROL MVCC
/*C23*/SET SCHEMA PUBLIC
SET DATABASE TRANSACTION CONTROL MVCC
/*C24*/SET SCHEMA PUBLIC
SET DATABASE TRANSACTION CONTROL MVCC
/*C25*/SET SCHEMA PUBLIC
SET DATABASE TRANSACTION CONTROL MVCC
/*C26*/SET SCHEMA PUBLIC
DISCONNECT
/*C27*/SET SCHEMA PUBLIC
SET DATABASE TRANSACTION CONTROL MVCC
DELETE FROM TASKS_AUX_WORKERS WHERE ID=0 AND RANGES='0, 1000' AND HEALTH_CHECK='2018-11-12 15:53:26.757000' AND EXCLUSIVE_MODE=0 AND NODE_GROUPS='' AND IS_ACTIVE=1
INSERT INTO TASKS_AUX_WORKERS VALUES(0,'0, 1000','2018-11-12 15:55:52.403000',0,'',1)
COMMIT
/*C28*/SET SCHEMA PUBLIC
SET DATABASE TRANSACTION CONTROL MVCC
/*C29*/SET SCHEMA PUBLIC
SET DATABASE TRANSACTION CONTROL MVCC
/*C30*/SET SCHEMA PUBLIC
SET DATABASE TRANSACTION CONTROL MVCC
/*C31*/SET SCHEMA PUBLIC
SET DATABASE TRANSACTION CONTROL MVCC
/*C32*/SET SCHEMA PUBLIC
SET DATABASE TRANSACTION CONTROL MVCC
/*C33*/SET SCHEMA PUBLIC
SET DATABASE TRANSACTION CONTROL MVCC
/*C27*/DELETE FROM TASKS_AUX_WORKERS WHERE ID=0 AND RANGES='0, 1000' AND HEALTH_CHECK='2018-11-12 15:55:52.403000' AND EXCLUSIVE_MODE=0 AND NODE_GROUPS='' AND IS_ACTIVE=1
INSERT INTO TASKS_AUX_WORKERS VALUES(0,'0, 1000','2018-11-12 15:56:02.538000',0,'',1)
COMMIT
DELETE FROM TASKS_AUX_SCHEDULER WHERE ID='scheduler' AND LAST_ACTIVITY_TS='2018-11-12 15:53:26.757' AND VERSION=1
INSERT INTO TASKS_AUX_SCHEDULER VALUES('scheduler','2018-11-12 15:56:02.538',1)
COMMIT
DELETE FROM TASKS_AUX_WORKERS WHERE ID=0 AND RANGES='0, 1000' AND HEALTH_CHECK='2018-11-12 15:56:02.538000' AND EXCLUSIVE_MODE=0 AND NODE_GROUPS='' AND IS_ACTIVE=1
INSERT INTO TASKS_AUX_WORKERS VALUES(0,'0, 1000','2018-11-12 15:56:02.538000',0,'',1)
COMMIT
DELETE FROM TASKS_AUX_WORKERS WHERE ID=0 AND RANGES='0, 1000' AND HEALTH_CHECK='2018-11-12 15:56:02.538000' AND EXCLUSIVE_MODE=0 AND NODE_GROUPS='' AND IS_ACTIVE=1
INSERT INTO TASKS_AUX_WORKERS VALUES(0,'0, 1000','2018-11-12 15:56:12.611000',0,'',1)
COMMIT
DELETE FROM TASKS_AUX_SCHEDULER WHERE ID='scheduler' AND LAST_ACTIVITY_TS='2018-11-12 15:56:02.538' AND VERSION=1
INSERT INTO TASKS_AUX_SCHEDULER VALUES('scheduler','2018-11-12 15:56:12.611',1)
COMMIT
DELETE FROM TASKS_AUX_WORKERS WHERE ID=0 AND RANGES='0, 1000' AND HEALTH_CHECK='2018-11-12 15:56:12.611000' AND EXCLUSIVE_MODE=0 AND NODE_GROUPS='' AND IS_ACTIVE=1
INSERT INTO TASKS_AUX_WORKERS VALUES(0,'0, 1000','2018-11-12 15:56:12.611000',0,'',1)
COMMIT
/*C34*/SET SCHEMA PUBLIC
SET DATABASE TRANSACTION CONTROL MVCC
DELETE FROM TASKS_AUX_WORKERS WHERE ID=0 AND RANGES='0, 1000' AND HEALTH_CHECK='2018-11-12 15:56:12.611000' AND EXCLUSIVE_MODE=0 AND NODE_GROUPS='' AND IS_ACTIVE=1
INSERT INTO TASKS_AUX_WORKERS VALUES(0,'0, 1000','2018-11-12 15:56:22.617000',0,'',1)
COMMIT
DELETE FROM TASKS_AUX_SCHEDULER WHERE ID='scheduler' AND LAST_ACTIVITY_TS='2018-11-12 15:56:12.611' AND VERSION=1
INSERT INTO TASKS_AUX_SCHEDULER VALUES('scheduler','2018-11-12 15:56:22.617',1)
COMMIT
DELETE FROM TASKS_AUX_WORKERS WHERE ID=0 AND RANGES='0, 1000' AND HEALTH_CHECK='2018-11-12 15:56:22.617000' AND EXCLUSIVE_MODE=0 AND NODE_GROUPS='' AND IS_ACTIVE=1
INSERT INTO TASKS_AUX_WORKERS VALUES(0,'0, 1000','2018-11-12 15:56:22.617000',0,'',1)
COMMIT
/*C27*/DELETE FROM TASKS_AUX_WORKERS WHERE ID=0 AND RANGES='0, 1000' AND HEALTH_CHECK='2018-11-12 15:56:22.617000' AND EXCLUSIVE_MODE=0 AND NODE_GROUPS='' AND IS_ACTIVE=1
INSERT INTO TASKS_AUX_WORKERS VALUES(0,'0, 1000','2018-11-12 15:56:32.626000',0,'',1)
COMMIT
DELETE FROM TASKS_AUX_SCHEDULER WHERE ID='scheduler' AND LAST_ACTIVITY_TS='2018-11-12 15:56:22.617' AND VERSION=1
INSERT INTO TASKS_AUX_SCHEDULER VALUES('scheduler','2018-11-12 15:56:32.626',1)
COMMIT
DELETE FROM TASKS_AUX_WORKERS WHERE ID=0 AND RANGES='0, 1000' AND HEALTH_CHECK='2018-11-12 15:56:32.626000' AND EXCLUSIVE_MODE=0 AND NODE_GROUPS='' AND IS_ACTIVE=1
INSERT INTO TASKS_AUX_WORKERS VALUES(0,'0, 1000','2018-11-12 15:56:32.626000',0,'',1)
COMMIT
DELETE FROM TASKS_AUX_WORKERS WHERE ID=0 AND RANGES='0, 1000' AND HEALTH_CHECK='2018-11-12 15:56:32.626000' AND EXCLUSIVE_MODE=0 AND NODE_GROUPS='' AND IS_ACTIVE=1
INSERT INTO TASKS_AUX_WORKERS VALUES(0,'0, 1000','2018-11-12 15:56:42.632000',0,'',1)
COMMIT
DELETE FROM TASKS_AUX_SCHEDULER WHERE ID='scheduler' AND LAST_ACTIVITY_TS='2018-11-12 15:56:32.626' AND VERSION=1
INSERT INTO TASKS_AUX_SCHEDULER VALUES('scheduler','2018-11-12 15:56:42.632',1)
COMMIT
DELETE FROM TASKS_AUX_WORKERS WHERE ID=0 AND RANGES='0, 1000' AND HEALTH_CHECK='2018-11-12 15:56:42.632000' AND EXCLUSIVE_MODE=0 AND NODE_GROUPS='' AND IS_ACTIVE=1
INSERT INTO TASKS_AUX_WORKERS VALUES(0,'0, 1000','2018-11-12 15:56:42.632000',0,'',1)
COMMIT
/*C19*/DELETE FROM TASKS_AUX_WORKERS WHERE ID=0 AND RANGES='0, 1000' AND HEALTH_CHECK='2018-11-12 15:56:42.632000' AND EXCLUSIVE_MODE=0 AND NODE_GROUPS='' AND IS_ACTIVE=1
INSERT INTO TASKS_AUX_WORKERS VALUES(0,'0, 1000','2018-11-12 15:56:52.638000',0,'',1)
COMMIT
DELETE FROM TASKS_AUX_SCHEDULER WHERE ID='scheduler' AND LAST_ACTIVITY_TS='2018-11-12 15:56:42.632' AND VERSION=1
INSERT INTO TASKS_AUX_SCHEDULER VALUES('scheduler','2018-11-12 15:56:52.639',1)
COMMIT
DELETE FROM TASKS_AUX_WORKERS WHERE ID=0 AND RANGES='0, 1000' AND HEALTH_CHECK='2018-11-12 15:56:52.638000' AND EXCLUSIVE_MODE=0 AND NODE_GROUPS='' AND IS_ACTIVE=1
INSERT INTO TASKS_AUX_WORKERS VALUES(0,'0, 1000','2018-11-12 15:56:52.638000',0,'',1)
COMMIT
/*C34*/DELETE FROM TASKS_AUX_WORKERS WHERE ID=0 AND RANGES='0, 1000' AND HEALTH_CHECK='2018-11-12 15:56:52.638000' AND EXCLUSIVE_MODE=0 AND NODE_GROUPS='' AND IS_ACTIVE=1
INSERT INTO TASKS_AUX_WORKERS VALUES(0,'0, 1000','2018-11-12 15:57:02.644000',0,'',1)
COMMIT
DELETE FROM TASKS_AUX_SCHEDULER WHERE ID='scheduler' AND LAST_ACTIVITY_TS='2018-11-12 15:56:52.639' AND VERSION=1
INSERT INTO TASKS_AUX_SCHEDULER VALUES('scheduler','2018-11-12 15:57:02.644',1)
COMMIT
DELETE FROM TASKS_AUX_WORKERS WHERE ID=0 AND RANGES='0, 1000' AND HEALTH_CHECK='2018-11-12 15:57:02.644000' AND EXCLUSIVE_MODE=0 AND NODE_GROUPS='' AND IS_ACTIVE=1
INSERT INTO TASKS_AUX_WORKERS VALUES(0,'0, 1000','2018-11-12 15:57:02.644000',0,'',1)
COMMIT
DELETE FROM TASKS_AUX_WORKERS WHERE ID=0 AND RANGES='0, 1000' AND HEALTH_CHECK='2018-11-12 15:57:02.644000' AND EXCLUSIVE_MODE=0 AND NODE_GROUPS='' AND IS_ACTIVE=1
INSERT INTO TASKS_AUX_WORKERS VALUES(0,'0, 1000','2018-11-12 15:57:12.649000',0,'',1)
COMMIT
DELETE FROM TASKS_AUX_SCHEDULER WHERE ID='scheduler' AND LAST_ACTIVITY_TS='2018-11-12 15:57:02.644' AND VERSION=1
INSERT INTO TASKS_AUX_SCHEDULER VALUES('scheduler','2018-11-12 15:57:12.649',1)
COMMIT
DELETE FROM TASKS_AUX_WORKERS WHERE ID=0 AND RANGES='0, 1000' AND HEALTH_CHECK='2018-11-12 15:57:12.649000' AND EXCLUSIVE_MODE=0 AND NODE_GROUPS='' AND IS_ACTIVE=1
INSERT INTO TASKS_AUX_WORKERS VALUES(0,'0, 1000','2018-11-12 15:57:12.649000',0,'',1)
COMMIT
/*C19*/DELETE FROM TASKS_AUX_WORKERS WHERE ID=0 AND RANGES='0, 1000' AND HEALTH_CHECK='2018-11-12 15:57:12.649000' AND EXCLUSIVE_MODE=0 AND NODE_GROUPS='' AND IS_ACTIVE=1
INSERT INTO TASKS_AUX_WORKERS VALUES(0,'0, 1000','2018-11-12 15:57:22.659000',0,'',1)
COMMIT
DELETE FROM TASKS_AUX_SCHEDULER WHERE ID='scheduler' AND LAST_ACTIVITY_TS='2018-11-12 15:57:12.649' AND VERSION=1
INSERT INTO TASKS_AUX_SCHEDULER VALUES('scheduler','2018-11-12 15:57:22.660',1)
COMMIT
DELETE FROM TASKS_AUX_WORKERS WHERE ID=0 AND RANGES='0, 1000' AND HEALTH_CHECK='2018-11-12 15:57:22.659000' AND EXCLUSIVE_MODE=0 AND NODE_GROUPS='' AND IS_ACTIVE=1
INSERT INTO TASKS_AUX_WORKERS VALUES(0,'0, 1000','2018-11-12 15:57:22.659000',0,'',1)
COMMIT
DELETE FROM TASKS_AUX_WORKERS WHERE ID=0 AND RANGES='0, 1000' AND HEALTH_CHECK='2018-11-12 15:57:22.659000' AND EXCLUSIVE_MODE=0 AND NODE_GROUPS='' AND IS_ACTIVE=1
INSERT INTO TASKS_AUX_WORKERS VALUES(0,'0, 1000','2018-11-12 15:57:32.666000',0,'',1)
COMMIT
DELETE FROM TASKS_AUX_SCHEDULER WHERE ID='scheduler' AND LAST_ACTIVITY_TS='2018-11-12 15:57:22.660' AND VERSION=1
INSERT INTO TASKS_AUX_SCHEDULER VALUES('scheduler','2018-11-12 15:57:32.666',1)
COMMIT
DELETE FROM TASKS_AUX_WORKERS WHERE ID=0 AND RANGES='0, 1000' AND HEALTH_CHECK='2018-11-12 15:57:32.666000' AND EXCLUSIVE_MODE=0 AND NODE_GROUPS='' AND IS_ACTIVE=1
INSERT INTO TASKS_AUX_WORKERS VALUES(0,'0, 1000','2018-11-12 15:57:32.666000',0,'',1)
COMMIT
DELETE FROM TASKS_AUX_WORKERS WHERE ID=0 AND RANGES='0, 1000' AND HEALTH_CHECK='2018-11-12 15:57:32.666000' AND EXCLUSIVE_MODE=0 AND NODE_GROUPS='' AND IS_ACTIVE=1
INSERT INTO TASKS_AUX_WORKERS VALUES(0,'0, 1000','2018-11-12 15:57:42.672000',0,'',1)
COMMIT
DELETE FROM TASKS_AUX_SCHEDULER WHERE ID='scheduler' AND LAST_ACTIVITY_TS='2018-11-12 15:57:32.666' AND VERSION=1
INSERT INTO TASKS_AUX_SCHEDULER VALUES('scheduler','2018-11-12 15:57:42.672',1)
COMMIT
DELETE FROM TASKS_AUX_WORKERS WHERE ID=0 AND RANGES='0, 1000' AND HEALTH_CHECK='2018-11-12 15:57:42.672000' AND EXCLUSIVE_MODE=0 AND NODE_GROUPS='' AND IS_ACTIVE=1
INSERT INTO TASKS_AUX_WORKERS VALUES(0,'0, 1000','2018-11-12 15:57:42.672000',0,'',1)
COMMIT
DELETE FROM TASKS_AUX_WORKERS WHERE ID=0 AND RANGES='0, 1000' AND HEALTH_CHECK='2018-11-12 15:57:42.672000' AND EXCLUSIVE_MODE=0 AND NODE_GROUPS='' AND IS_ACTIVE=1
INSERT INTO TASKS_AUX_WORKERS VALUES(0,'0, 1000','2018-11-12 15:57:52.677000',0,'',1)
COMMIT
DELETE FROM TASKS_AUX_SCHEDULER WHERE ID='scheduler' AND LAST_ACTIVITY_TS='2018-11-12 15:57:42.672' AND VERSION=1
INSERT INTO TASKS_AUX_SCHEDULER VALUES('scheduler','2018-11-12 15:57:52.678',1)
COMMIT
DELETE FROM TASKS_AUX_WORKERS WHERE ID=0 AND RANGES='0, 1000' AND HEALTH_CHECK='2018-11-12 15:57:52.677000' AND EXCLUSIVE_MODE=0 AND NODE_GROUPS='' AND IS_ACTIVE=1
INSERT INTO TASKS_AUX_WORKERS VALUES(0,'0, 1000','2018-11-12 15:57:52.677000',0,'',1)
COMMIT
